# JRE version: Java(TM) SE Runtime Environment (8.0_77-b03) (build 1.8.0_77-b03)
# Java VM: Java HotSpot(TM) 64-Bit Server VM (25.77-b03 mixed mode linux-amd64 compressed oops)
Heap:
 PSYoungGen      total 312320K, used 19440K [0x00000000e0000000, 0x00000000f4400000, 0x0000000100000000)
  eden space 292864K, 0% used [0x00000000e0000000,0x00000000e0000000,0x00000000f1e00000)
  from space 19456K, 99% used [0x00000000f1e00000,0x00000000f30fc010,0x00000000f3100000)
  to   space 11776K, 0% used [0x00000000f3880000,0x00000000f3880000,0x00000000f4400000)
 ParOldGen       total 87040K, used 70361K [0x00000000a0000000, 0x00000000a5500000, 0x00000000e0000000)
  object space 87040K, 80% used [0x00000000a0000000,0x00000000a44b6770,0x00000000a5500000)
 Metaspace       used 65805K, capacity 68764K, committed 68992K, reserved 1110016K
  class space    used 8750K, capacity 9279K, committed 9344K, reserved 1048576K
GC Heap History (10 events):
Event: 81.202 GC heap after
Heap after GC invocations=13 (full 2):
 PSYoungGen      total 182272K, used 13799K [0x00000000e0000000, 0x00000000f0880000, 0x0000000100000000)
  eden space 168448K, 0% used [0x00000000e0000000,0x00000000e0000000,0x00000000ea480000)
  from space 13824K, 99% used [0x00000000ea480000,0x00000000eb1f9f18,0x00000000eb200000)
  to   space 19968K, 0% used [0x00000000ef500000,0x00000000ef500000,0x00000000f0880000)
 ParOldGen       total 47616K, used 31098K [0x00000000a0000000, 0x00000000a2e80000, 0x00000000e0000000)
  object space 47616K, 65% used [0x00000000a0000000,0x00000000a1e5eb38,0x00000000a2e80000)
 Metaspace       used 53740K, capacity 55294K, committed 55424K, reserved 1097728K
  class space    used 7345K, capacity 7701K, committed 7808K, reserved 1048576K
}
Event: 85.696 GC heap before
{Heap before GC invocations=14 (full 2):
 PSYoungGen      total 182272K, used 144630K [0x00000000e0000000, 0x00000000f0880000, 0x0000000100000000)
  eden space 168448K, 77% used [0x00000000e0000000,0x00000000e7fc3990,0x00000000ea480000)
  from space 13824K, 99% used [0x00000000ea480000,0x00000000eb1f9f18,0x00000000eb200000)
  to   space 19968K, 0% used [0x00000000ef500000,0x00000000ef500000,0x00000000f0880000)
 ParOldGen       total 47616K, used 31098K [0x00000000a0000000, 0x00000000a2e80000, 0x00000000e0000000)
  object space 47616K, 65% used [0x00000000a0000000,0x00000000a1e5eb38,0x00000000a2e80000)
 Metaspace       used 57051K, capacity 59020K, committed 59096K, reserved 1099776K
  class space    used 7967K, capacity 8429K, committed 8448K, reserved 1048576K
Event: 85.776 GC heap after
Heap after GC invocations=14 (full 2):
 PSYoungGen      total 249344K, used 15554K [0x00000000e0000000, 0x00000000f0c80000, 0x0000000100000000)
  eden space 229376K, 0% used [0x00000000e0000000,0x00000000e0000000,0x00000000ee000000)
  from space 19968K, 77% used [0x00000000ef500000,0x00000000f0430b98,0x00000000f0880000)
  to   space 21504K, 0% used [0x00000000ee000000,0x00000000ee000000,0x00000000ef500000)
 ParOldGen       total 47616K, used 40433K [0x00000000a0000000, 0x00000000a2e80000, 0x00000000e0000000)
  object space 47616K, 84% used [0x00000000a0000000,0x00000000a277c688,0x00000000a2e80000)
 Metaspace       used 57051K, capacity 59020K, committed 59096K, reserved 1099776K
  class space    used 7967K, capacity 8429K, committed 8448K, reserved 1048576K
}
Event: 85.776 GC heap before
{Heap before GC invocations=15 (full 3):
 PSYoungGen      total 249344K, used 15554K [0x00000000e0000000, 0x00000000f0c80000, 0x0000000100000000)
  eden space 229376K, 0% used [0x00000000e0000000,0x00000000e0000000,0x00000000ee000000)
  from space 19968K, 77% used [0x00000000ef500000,0x00000000f0430b98,0x00000000f0880000)
  to   space 21504K, 0% used [0x00000000ee000000,0x00000000ee000000,0x00000000ef500000)
 ParOldGen       total 47616K, used 40433K [0x00000000a0000000, 0x00000000a2e80000, 0x00000000e0000000)
  object space 47616K, 84% used [0x00000000a0000000,0x00000000a277c688,0x00000000a2e80000)
 Metaspace       used 57051K, capacity 59020K, committed 59096K, reserved 1099776K
  class space    used 7967K, capacity 8429K, committed 8448K, reserved 1048576K
Event: 86.597 GC heap after
Heap after GC invocations=15 (full 3):
 PSYoungGen      total 249344K, used 0K [0x00000000e0000000, 0x00000000f0c80000, 0x0000000100000000)
  eden space 229376K, 0% used [0x00000000e0000000,0x00000000e0000000,0x00000000ee000000)
  from space 19968K, 0% used [0x00000000ef500000,0x00000000ef500000,0x00000000f0880000)
  to   space 21504K, 0% used [0x00000000ee000000,0x00000000ee000000,0x00000000ef500000)
 ParOldGen       total 87040K, used 46171K [0x00000000a0000000, 0x00000000a5500000, 0x00000000e0000000)
  object space 87040K, 53% used [0x00000000a0000000,0x00000000a2d16f60,0x00000000a5500000)
 Metaspace       used 57051K, capacity 59020K, committed 59096K, reserved 1099776K
  class space    used 7967K, capacity 8429K, committed 8448K, reserved 1048576K
}
Event: 281.789 GC heap before
{Heap before GC invocations=16 (full 3):
 PSYoungGen      total 249344K, used 229376K [0x00000000e0000000, 0x00000000f0c80000, 0x0000000100000000)
  eden space 229376K, 100% used [0x00000000e0000000,0x00000000ee000000,0x00000000ee000000)
  from space 19968K, 0% used [0x00000000ef500000,0x00000000ef500000,0x00000000f0880000)
  to   space 21504K, 0% used [0x00000000ee000000,0x00000000ee000000,0x00000000ef500000)
 ParOldGen       total 87040K, used 46171K [0x00000000a0000000, 0x00000000a5500000, 0x00000000e0000000)
  object space 87040K, 53% used [0x00000000a0000000,0x00000000a2d16f60,0x00000000a5500000)
 Metaspace       used 60743K, capacity 63402K, committed 63616K, reserved 1103872K
  class space    used 8241K, capacity 8746K, committed 8832K, reserved 1048576K
Event: 281.815 GC heap after
Heap after GC invocations=16 (full 3):
 PSYoungGen      total 250880K, used 8116K [0x00000000e0000000, 0x00000000f4c80000, 0x0000000100000000)
  eden space 229376K, 0% used [0x00000000e0000000,0x00000000e0000000,0x00000000ee000000)
  from space 21504K, 37% used [0x00000000ee000000,0x00000000ee7ed008,0x00000000ef500000)
  to   space 20480K, 0% used [0x00000000f3880000,0x00000000f3880000,0x00000000f4c80000)
 ParOldGen       total 87040K, used 46179K [0x00000000a0000000, 0x00000000a5500000, 0x00000000e0000000)
  object space 87040K, 53% used [0x00000000a0000000,0x00000000a2d18f60,0x00000000a5500000)
 Metaspace       used 60743K, capacity 63402K, committed 63616K, reserved 1103872K
  class space    used 8241K, capacity 8746K, committed 8832K, reserved 1048576K
}
Event: 308.015 GC heap before
{Heap before GC invocations=17 (full 3):
 PSYoungGen      total 250880K, used 237492K [0x00000000e0000000, 0x00000000f4c80000, 0x0000000100000000)
  eden space 229376K, 100% used [0x00000000e0000000,0x00000000ee000000,0x00000000ee000000)
  from space 21504K, 37% used [0x00000000ee000000,0x00000000ee7ed008,0x00000000ef500000)
  to   space 20480K, 0% used [0x00000000f3880000,0x00000000f3880000,0x00000000f4c80000)
 ParOldGen       total 87040K, used 46179K [0x00000000a0000000, 0x00000000a5500000, 0x00000000e0000000)
  object space 87040K, 53% used [0x00000000a0000000,0x00000000a2d18f60,0x00000000a5500000)
 Metaspace       used 64360K, capacity 67290K, committed 67328K, reserved 1107968K
  class space    used 8640K, capacity 9178K, committed 9216K, reserved 1048576K
Event: 308.340 GC heap after
Heap after GC invocations=17 (full 3):
 PSYoungGen      total 304640K, used 10152K [0x00000000e0000000, 0x00000000f4400000, 0x0000000100000000)
  eden space 292864K, 0% used [0x00000000e0000000,0x00000000e0000000,0x00000000f1e00000)
  from space 11776K, 86% used [0x00000000f3880000,0x00000000f426a3d8,0x00000000f4400000)
  to   space 19456K, 0% used [0x00000000f1e00000,0x00000000f1e00000,0x00000000f3100000)
 ParOldGen       total 87040K, used 48031K [0x00000000a0000000, 0x00000000a5500000, 0x00000000e0000000)
  object space 87040K, 55% used [0x00000000a0000000,0x00000000a2ee7e30,0x00000000a5500000)
 Metaspace       used 64360K, capacity 67290K, committed 67328K, reserved 1107968K
  class space    used 8640K, capacity 9178K, committed 9216K, reserved 1048576K
}
Event: 324.378 GC heap before
{Heap before GC invocations=18 (full 3):
 PSYoungGen      total 304640K, used 303016K [0x00000000e0000000, 0x00000000f4400000, 0x0000000100000000)
  eden space 292864K, 100% used [0x00000000e0000000,0x00000000f1e00000,0x00000000f1e00000)
  from space 11776K, 86% used [0x00000000f3880000,0x00000000f426a3d8,0x00000000f4400000)
  to   space 19456K, 0% used [0x00000000f1e00000,0x00000000f1e00000,0x00000000f3100000)
 ParOldGen       total 87040K, used 48031K [0x00000000a0000000, 0x00000000a5500000, 0x00000000e0000000)
  object space 87040K, 55% used [0x00000000a0000000,0x00000000a2ee7e30,0x00000000a5500000)
 Metaspace       used 65805K, capacity 68764K, committed 68992K, reserved 1110016K
  class space    used 8750K, capacity 9279K, committed 9344K, reserved 1048576K

